TN:
SF:01-requestcount.js
FN:13,requestCountMid
FNF:1
FNH:1
FNDA:1,requestCountMid
DA:1,1
DA:2,1
DA:3,1
DA:4,1
DA:5,1
DA:6,1
DA:7,1
DA:8,1
DA:9,1
DA:10,1
DA:11,1
DA:12,1
DA:13,1
DA:14,1
DA:15,1
DA:16,1
DA:17,1
DA:18,1
DA:19,1
DA:20,1
DA:21,0
DA:22,0
DA:23,0
DA:24,1
DA:25,1
DA:26,1
DA:27,0
DA:28,1
DA:29,1
DA:30,1
DA:31,0
DA:32,1
DA:33,1
DA:34,1
DA:35,1
DA:36,1
DA:37,1
DA:38,1
DA:39,1
DA:40,1
DA:41,1
DA:42,1
LF:42
LH:37
BRDA:13,0,0,1
BRDA:34,1,0,1
BRDA:38,2,0,1
BRF:3
BRH:3
end_of_record
TN:
SF:02-ratelimitter.js
FN:20,requestLimiterMid
FNF:1
FNH:1
FNDA:13,requestLimiterMid
DA:1,1
DA:2,1
DA:3,1
DA:4,1
DA:5,1
DA:6,1
DA:7,1
DA:8,1
DA:9,1
DA:10,1
DA:11,1
DA:12,1
DA:13,1
DA:14,1
DA:15,1
DA:16,1
DA:17,2
DA:18,1
DA:19,1
DA:20,1
DA:21,13
DA:22,13
DA:23,7
DA:24,7
DA:25,7
DA:26,7
DA:27,13
DA:28,13
DA:29,13
DA:30,1
DA:31,1
DA:32,1
DA:33,1
DA:34,6
DA:35,1
DA:36,1
DA:37,1
DA:38,0
DA:39,1
DA:40,1
DA:41,1
DA:42,1
DA:43,1
DA:44,1
DA:45,1
LF:45
LH:44
BRDA:16,0,0,2
BRDA:20,1,0,13
BRDA:22,2,0,7
BRDA:26,3,0,6
BRDA:27,4,0,2
BRDA:33,5,0,6
BRDA:41,6,0,1
BRF:7
BRH:7
end_of_record
TN:
SF:03-errorcount.js
FNF:0
FNH:0
DA:1,1
DA:2,1
DA:3,1
DA:4,1
DA:5,1
DA:6,1
DA:7,1
DA:8,1
DA:9,1
DA:10,1
DA:11,1
DA:12,1
DA:13,1
DA:14,1
DA:15,11
DA:16,0
DA:17,1
DA:18,1
DA:19,1
DA:20,0
DA:21,1
DA:22,1
DA:23,1
DA:24,2
DA:25,1
DA:26,1
DA:27,1
DA:28,11
DA:29,11
DA:30,11
DA:31,11
DA:32,1
DA:33,1
DA:34,1
LF:34
LH:32
BRDA:14,0,0,11
BRDA:15,1,0,0
BRDA:23,2,0,2
BRDA:27,3,0,11
BRF:4
BRH:3
end_of_record
